C:\Program Files (x86)\Microsoft Visual Studio\2019\Community\MSBuild\Microsoft\VC\v160\Microsoft.CppBuild.targets(513,5): warning MSB8028: The intermediate directory (x64\Debug\) contains files shared from another project (Vikings.vcxproj).  This can lead to incorrect clean and rebuild behavior.
  Player.cpp
C:\Users\Usuari\Downloads\Prueba (no me copila) (1)\Alonso-Jana_Super.Soukoban_v0.5 (2)\Alonso-Jana_Super.Soukoban_v0.5\Alonso-Jana_Super Soukoban_v0.5\Super Soukoban\src\Player.cpp(107,2): error C2065: 'mapAux': undeclared identifier
C:\Users\Usuari\Downloads\Prueba (no me copila) (1)\Alonso-Jana_Super.Soukoban_v0.5 (2)\Alonso-Jana_Super.Soukoban_v0.5\Alonso-Jana_Super Soukoban_v0.5\Super Soukoban\src\Player.cpp(308,20): error C2065: 'mapAux': undeclared identifier
C:\Users\Usuari\Downloads\Prueba (no me copila) (1)\Alonso-Jana_Super.Soukoban_v0.5 (2)\Alonso-Jana_Super.Soukoban_v0.5\Alonso-Jana_Super Soukoban_v0.5\Super Soukoban\src\Player.cpp(311,19): error C2065: 'mapAux': undeclared identifier
C:\Users\Usuari\Downloads\Prueba (no me copila) (1)\Alonso-Jana_Super.Soukoban_v0.5 (2)\Alonso-Jana_Super.Soukoban_v0.5\Alonso-Jana_Super Soukoban_v0.5\Super Soukoban\src\Player.cpp(312,30): error C2838: 'FLOORRED': illegal qualified name in member declaration
C:\Users\Usuari\Downloads\Prueba (no me copila) (1)\Alonso-Jana_Super.Soukoban_v0.5 (2)\Alonso-Jana_Super.Soukoban_v0.5\Alonso-Jana_Super Soukoban_v0.5\Super Soukoban\src\Player.cpp(312,38): error C2065: 'FLOORRED': undeclared identifier
C:\Users\Usuari\Downloads\Prueba (no me copila) (1)\Alonso-Jana_Super.Soukoban_v0.5 (2)\Alonso-Jana_Super.Soukoban_v0.5\Alonso-Jana_Super Soukoban_v0.5\Super Soukoban\src\Player.cpp(366,20): error C2065: 'mapAux': undeclared identifier
C:\Users\Usuari\Downloads\Prueba (no me copila) (1)\Alonso-Jana_Super.Soukoban_v0.5 (2)\Alonso-Jana_Super.Soukoban_v0.5\Alonso-Jana_Super Soukoban_v0.5\Super Soukoban\src\Player.cpp(369,19): error C2065: 'mapAux': undeclared identifier
C:\Users\Usuari\Downloads\Prueba (no me copila) (1)\Alonso-Jana_Super.Soukoban_v0.5 (2)\Alonso-Jana_Super.Soukoban_v0.5\Alonso-Jana_Super Soukoban_v0.5\Super Soukoban\src\Player.cpp(370,30): error C2838: 'FLOORRED': illegal qualified name in member declaration
C:\Users\Usuari\Downloads\Prueba (no me copila) (1)\Alonso-Jana_Super.Soukoban_v0.5 (2)\Alonso-Jana_Super.Soukoban_v0.5\Alonso-Jana_Super Soukoban_v0.5\Super Soukoban\src\Player.cpp(370,38): error C2065: 'FLOORRED': undeclared identifier
C:\Users\Usuari\Downloads\Prueba (no me copila) (1)\Alonso-Jana_Super.Soukoban_v0.5 (2)\Alonso-Jana_Super.Soukoban_v0.5\Alonso-Jana_Super Soukoban_v0.5\Super Soukoban\src\Player.cpp(402,29): error C2838: 'FLOORRED': illegal qualified name in member declaration
C:\Users\Usuari\Downloads\Prueba (no me copila) (1)\Alonso-Jana_Super.Soukoban_v0.5 (2)\Alonso-Jana_Super.Soukoban_v0.5\Alonso-Jana_Super Soukoban_v0.5\Super Soukoban\src\Player.cpp(402,37): error C2065: 'FLOORRED': undeclared identifier
C:\Users\Usuari\Downloads\Prueba (no me copila) (1)\Alonso-Jana_Super.Soukoban_v0.5 (2)\Alonso-Jana_Super.Soukoban_v0.5\Alonso-Jana_Super Soukoban_v0.5\Super Soukoban\src\Player.cpp(404,50): error C2838: 'BOXU': illegal qualified name in member declaration
C:\Users\Usuari\Downloads\Prueba (no me copila) (1)\Alonso-Jana_Super.Soukoban_v0.5 (2)\Alonso-Jana_Super.Soukoban_v0.5\Alonso-Jana_Super Soukoban_v0.5\Super Soukoban\src\Player.cpp(404,54): error C2065: 'BOXU': undeclared identifier
C:\Users\Usuari\Downloads\Prueba (no me copila) (1)\Alonso-Jana_Super.Soukoban_v0.5 (2)\Alonso-Jana_Super.Soukoban_v0.5\Alonso-Jana_Super Soukoban_v0.5\Super Soukoban\src\Player.cpp(429,29): error C2838: 'FLOORRED': illegal qualified name in member declaration
C:\Users\Usuari\Downloads\Prueba (no me copila) (1)\Alonso-Jana_Super.Soukoban_v0.5 (2)\Alonso-Jana_Super.Soukoban_v0.5\Alonso-Jana_Super Soukoban_v0.5\Super Soukoban\src\Player.cpp(429,37): error C2065: 'FLOORRED': undeclared identifier
C:\Users\Usuari\Downloads\Prueba (no me copila) (1)\Alonso-Jana_Super.Soukoban_v0.5 (2)\Alonso-Jana_Super.Soukoban_v0.5\Alonso-Jana_Super Soukoban_v0.5\Super Soukoban\src\Player.cpp(431,50): error C2838: 'BOXU': illegal qualified name in member declaration
C:\Users\Usuari\Downloads\Prueba (no me copila) (1)\Alonso-Jana_Super.Soukoban_v0.5 (2)\Alonso-Jana_Super.Soukoban_v0.5\Alonso-Jana_Super Soukoban_v0.5\Super Soukoban\src\Player.cpp(431,54): error C2065: 'BOXU': undeclared identifier
C:\Users\Usuari\Downloads\Prueba (no me copila) (1)\Alonso-Jana_Super.Soukoban_v0.5 (2)\Alonso-Jana_Super.Soukoban_v0.5\Alonso-Jana_Super Soukoban_v0.5\Super Soukoban\src\Player.cpp(515,20): error C2065: 'mapAux': undeclared identifier
C:\Users\Usuari\Downloads\Prueba (no me copila) (1)\Alonso-Jana_Super.Soukoban_v0.5 (2)\Alonso-Jana_Super.Soukoban_v0.5\Alonso-Jana_Super Soukoban_v0.5\Super Soukoban\src\Player.cpp(518,19): error C2065: 'mapAux': undeclared identifier
C:\Users\Usuari\Downloads\Prueba (no me copila) (1)\Alonso-Jana_Super.Soukoban_v0.5 (2)\Alonso-Jana_Super.Soukoban_v0.5\Alonso-Jana_Super Soukoban_v0.5\Super Soukoban\src\Player.cpp(519,30): error C2838: 'FLOORRED': illegal qualified name in member declaration
C:\Users\Usuari\Downloads\Prueba (no me copila) (1)\Alonso-Jana_Super.Soukoban_v0.5 (2)\Alonso-Jana_Super.Soukoban_v0.5\Alonso-Jana_Super Soukoban_v0.5\Super Soukoban\src\Player.cpp(519,38): error C2065: 'FLOORRED': undeclared identifier
C:\Users\Usuari\Downloads\Prueba (no me copila) (1)\Alonso-Jana_Super.Soukoban_v0.5 (2)\Alonso-Jana_Super.Soukoban_v0.5\Alonso-Jana_Super Soukoban_v0.5\Super Soukoban\src\Player.cpp(568,20): error C2065: 'mapAux': undeclared identifier
C:\Users\Usuari\Downloads\Prueba (no me copila) (1)\Alonso-Jana_Super.Soukoban_v0.5 (2)\Alonso-Jana_Super.Soukoban_v0.5\Alonso-Jana_Super Soukoban_v0.5\Super Soukoban\src\Player.cpp(571,19): error C2065: 'mapAux': undeclared identifier
C:\Users\Usuari\Downloads\Prueba (no me copila) (1)\Alonso-Jana_Super.Soukoban_v0.5 (2)\Alonso-Jana_Super.Soukoban_v0.5\Alonso-Jana_Super Soukoban_v0.5\Super Soukoban\src\Player.cpp(572,30): error C2838: 'FLOORRED': illegal qualified name in member declaration
C:\Users\Usuari\Downloads\Prueba (no me copila) (1)\Alonso-Jana_Super.Soukoban_v0.5 (2)\Alonso-Jana_Super.Soukoban_v0.5\Alonso-Jana_Super Soukoban_v0.5\Super Soukoban\src\Player.cpp(572,38): error C2065: 'FLOORRED': undeclared identifier
C:\Users\Usuari\Downloads\Prueba (no me copila) (1)\Alonso-Jana_Super.Soukoban_v0.5 (2)\Alonso-Jana_Super.Soukoban_v0.5\Alonso-Jana_Super Soukoban_v0.5\Super Soukoban\src\Player.cpp(603,29): error C2838: 'FLOORRED': illegal qualified name in member declaration
C:\Users\Usuari\Downloads\Prueba (no me copila) (1)\Alonso-Jana_Super.Soukoban_v0.5 (2)\Alonso-Jana_Super.Soukoban_v0.5\Alonso-Jana_Super Soukoban_v0.5\Super Soukoban\src\Player.cpp(603,37): error C2065: 'FLOORRED': undeclared identifier
C:\Users\Usuari\Downloads\Prueba (no me copila) (1)\Alonso-Jana_Super.Soukoban_v0.5 (2)\Alonso-Jana_Super.Soukoban_v0.5\Alonso-Jana_Super Soukoban_v0.5\Super Soukoban\src\Player.cpp(605,50): error C2838: 'BOXU': illegal qualified name in member declaration
C:\Users\Usuari\Downloads\Prueba (no me copila) (1)\Alonso-Jana_Super.Soukoban_v0.5 (2)\Alonso-Jana_Super.Soukoban_v0.5\Alonso-Jana_Super Soukoban_v0.5\Super Soukoban\src\Player.cpp(605,54): error C2065: 'BOXU': undeclared identifier
C:\Users\Usuari\Downloads\Prueba (no me copila) (1)\Alonso-Jana_Super.Soukoban_v0.5 (2)\Alonso-Jana_Super.Soukoban_v0.5\Alonso-Jana_Super Soukoban_v0.5\Super Soukoban\src\Player.cpp(630,29): error C2838: 'FLOORRED': illegal qualified name in member declaration
C:\Users\Usuari\Downloads\Prueba (no me copila) (1)\Alonso-Jana_Super.Soukoban_v0.5 (2)\Alonso-Jana_Super.Soukoban_v0.5\Alonso-Jana_Super Soukoban_v0.5\Super Soukoban\src\Player.cpp(630,37): error C2065: 'FLOORRED': undeclared identifier
C:\Users\Usuari\Downloads\Prueba (no me copila) (1)\Alonso-Jana_Super.Soukoban_v0.5 (2)\Alonso-Jana_Super.Soukoban_v0.5\Alonso-Jana_Super Soukoban_v0.5\Super Soukoban\src\Player.cpp(632,50): error C2838: 'BOXU': illegal qualified name in member declaration
C:\Users\Usuari\Downloads\Prueba (no me copila) (1)\Alonso-Jana_Super.Soukoban_v0.5 (2)\Alonso-Jana_Super.Soukoban_v0.5\Alonso-Jana_Super Soukoban_v0.5\Super Soukoban\src\Player.cpp(632,54): error C2065: 'BOXU': undeclared identifier
  Scene.cpp
C:\Users\Usuari\Downloads\Prueba (no me copila) (1)\Alonso-Jana_Super.Soukoban_v0.5 (2)\Alonso-Jana_Super.Soukoban_v0.5\Alonso-Jana_Super Soukoban_v0.5\Super Soukoban\src\Scene.cpp : fatal error C1041: cannot open program database 'C:\Users\Usuari\Downloads\Prueba (no me copila) (1)\Alonso-Jana_Super.Soukoban_v0.5 (2)\Alonso-Jana_Super.Soukoban_v0.5\Alonso-Jana_Super Soukoban_v0.5\Super Soukoban\x64\Debug\vc142.idb'; if multiple CL.EXE write to the same .PDB file, please use /FS
  TileMap.cpp
C:\Users\Usuari\Downloads\Prueba (no me copila) (1)\Alonso-Jana_Super.Soukoban_v0.5 (2)\Alonso-Jana_Super.Soukoban_v0.5\Alonso-Jana_Super Soukoban_v0.5\Super Soukoban\src\TileMap.cpp(421,12): warning C4101: 'rc': unreferenced local variable
  Generating Code...
